<?xml version="1.0" encoding="UTF-8"?>
<!-- Generated by org.testng.reporters.JUnitReportReporter -->
<testsuite skipped="0" hostname="DESKTOP-5E28TIH" name="Selenium.Login1" tests="1" failures="0" timestamp="07 Apr 2020 13:05:13 GMT" time="18.225" errors="0">
  <testcase name="loginpage" time="18.225" classname="Selenium.Login1"/>
</testsuite> <!-- Selenium.Login1 -->
