<?xml version="1.0" encoding="UTF-8"?>
<!-- Generated by org.testng.reporters.JUnitReportReporter -->
<testsuite skipped="0" hostname="DESKTOP-5E28TIH" name="Selenium.Login2" tests="1" failures="0" timestamp="07 Apr 2020 13:05:13 GMT" time="18.103" errors="0">
  <testcase name="loginset" time="18.103" classname="Selenium.Login2"/>
</testsuite> <!-- Selenium.Login2 -->
